2022-09-04 09:13:24,954:INFO:PyCaret Supervised Module
2022-09-04 09:13:24,967:INFO:ML Usecase: regression
2022-09-04 09:13:24,971:INFO:version 2.3.10
2022-09-04 09:13:24,974:INFO:Initializing setup()
2022-09-04 09:13:24,975:INFO:setup(target=charges, ml_usecase=regression, available_plots={'parameter': 'Hyperparameters', 'residuals': 'Residuals', 'error': 'Prediction Error', 'cooks': 'Cooks Distance', 'rfe': 'Feature Selection', 'learning': 'Learning Curve', 'manifold': 'Manifold Learning', 'vc': 'Validation Curve', 'feature': 'Feature Importance', 'feature_all': 'Feature Importance (All)', 'tree': 'Decision Tree', 'residuals_interactive': 'Interactive Residuals'}, train_size=0.7, test_data=None, preprocess=True, imputation_type=simple, iterative_imputation_iters=5, categorical_features=None, categorical_imputation=constant, categorical_iterative_imputer=lightgbm, ordinal_features=None, high_cardinality_features=None, high_cardinality_method=frequency, numeric_features=None, numeric_imputation=mean, numeric_iterative_imputer=lightgbm, date_features=None, ignore_features=None, normalize=False, normalize_method=zscore, transformation=False, transformation_method=yeo-johnson, handle_unknown_categorical=True, unknown_categorical_method=least_frequent, pca=False, pca_method=linear, pca_components=None, ignore_low_variance=False, combine_rare_levels=False, rare_level_threshold=0.1, bin_numeric_features=None, remove_outliers=False, outliers_threshold=0.05, remove_multicollinearity=False, multicollinearity_threshold=0.9, remove_perfect_collinearity=True, create_clusters=False, cluster_iter=20, polynomial_features=False, polynomial_degree=2, trigonometry_features=False, polynomial_threshold=0.1, group_features=None, group_names=None, feature_selection=False, feature_selection_threshold=0.8, feature_selection_method=classic, feature_interaction=False, feature_ratio=False, interaction_threshold=0.01, fix_imbalance=False, fix_imbalance_method=None, transform_target=False, transform_target_method=box-cox, data_split_shuffle=True, data_split_stratify=False, fold_strategy=kfold, fold=10, fold_shuffle=False, fold_groups=None, n_jobs=-1, use_gpu=False, custom_pipeline=None, html=True, session_id=123, log_experiment=False, experiment_name=None, experiment_custom_tags=None, log_plots=False, log_profile=False, log_data=False, silent=False, verbose=True, profile=False, profile_kwargs=None, display=None)
2022-09-04 09:13:24,978:INFO:Checking environment
2022-09-04 09:13:24,982:INFO:python_version: 3.7.13
2022-09-04 09:13:24,986:INFO:python_build: ('default', 'Apr 24 2022 01:04:09')
2022-09-04 09:13:24,989:INFO:machine: x86_64
2022-09-04 09:13:24,990:INFO:platform: Linux-5.4.188+-x86_64-with-Ubuntu-18.04-bionic
2022-09-04 09:13:24,991:INFO:Memory: svmem(total=13617737728, available=12357394432, percent=9.3, used=1014001664, free=7744778240, active=1480196096, inactive=4061167616, buffers=91308032, cached=4767649792, shared=1224704, slab=266633216)
2022-09-04 09:13:24,992:INFO:Physical Core: 1
2022-09-04 09:13:24,994:INFO:Logical Core: 2
2022-09-04 09:13:24,995:INFO:Checking libraries
2022-09-04 09:13:24,996:INFO:pd==1.3.5
2022-09-04 09:13:24,997:INFO:numpy==1.19.5
2022-09-04 09:13:24,998:INFO:sklearn==0.23.2
2022-09-04 09:13:24,999:INFO:lightgbm==3.3.2
2022-09-04 09:13:25,001:WARNING:catboost not found
2022-09-04 09:13:25,062:INFO:xgboost==0.90
2022-09-04 09:13:25,063:INFO:mlflow==1.28.0
2022-09-04 09:13:25,070:INFO:Checking Exceptions
2022-09-04 09:13:25,084:INFO:Declaring global variables
2022-09-04 09:13:25,085:INFO:USI: 0370
2022-09-04 09:13:25,089:INFO:pycaret_globals: {'prep_pipe', '_internal_pipeline', 'y_test', 'USI', 'y_train', 'stratify_param', 'fold_generator', 'exp_name_log', 'create_model_container', 'fix_imbalance_param', 'fix_imbalance_method_param', 'master_model_container', 'fold_groups_param', 'gpu_param', 'fold_groups_param_full', 'log_plots_param', 'logging_param', 'imputation_classifier', 'iterative_imputation_iters_param', 'dashboard_logger', 'n_jobs_param', 'X', '_gpu_n_jobs_param', '_available_plots', 'target_param', 'pycaret_globals', 'fold_param', '_all_models', 'html_param', 'y', 'X_test', 'fold_shuffle_param', '_all_models_internal', 'transform_target_param', 'seed', '_ml_usecase', 'X_train', 'data_before_preprocess', 'display_container', '_all_metrics', 'transform_target_method_param', 'experiment__', 'imputation_regressor'}
2022-09-04 09:13:25,098:INFO:Preparing display monitor
2022-09-04 09:13:25,104:INFO:Preparing display monitor
2022-09-04 09:13:25,150:INFO:Importing libraries
2022-09-04 09:13:25,159:INFO:Copying data for preprocessing
2022-09-04 09:13:25,177:INFO:Declaring preprocessing parameters
2022-09-04 09:13:25,189:INFO:Creating preprocessing pipeline
2022-09-04 09:13:25,202:INFO:Preprocessing pipeline created successfully
2022-09-04 09:13:25,209:ERROR:(Process Exit): setup has been interupted with user command 'quit'. setup must rerun.
2022-09-04 09:13:25,213:INFO:Creating global containers
2022-09-04 09:13:25,222:INFO:Internal pipeline: Pipeline(memory=None, steps=[('empty_step', 'passthrough')], verbose=False)
2022-09-04 09:14:00,984:WARNING:Wrong xgboost version. Expected xgboost>=1.1.0, got xgboost==0.90
2022-09-04 09:14:00,986:WARNING:Couldn't import catboost.CatBoostRegressor
2022-09-04 09:14:01,098:WARNING:Wrong xgboost version. Expected xgboost>=1.1.0, got xgboost==0.90
2022-09-04 09:14:01,103:WARNING:Couldn't import catboost.CatBoostRegressor
2022-09-04 09:14:01,105:INFO:Creating grid variables
2022-09-04 09:14:01,123:INFO:create_model_container: 0
2022-09-04 09:14:01,129:INFO:master_model_container: 0
2022-09-04 09:14:01,131:INFO:display_container: 1
2022-09-04 09:14:01,139:INFO:Pipeline(memory=None,
         steps=[('dtypes',
                 DataTypes_Auto_infer(categorical_features=[],
                                      display_types=True, features_todrop=[],
                                      id_columns=[], ml_usecase='regression',
                                      numerical_features=[], target='charges',
                                      time_features=[])),
                ('imputer',
                 Simple_Imputer(categorical_strategy='not_available',
                                fill_value_categorical=None,
                                fill_value_numerical=None,
                                numeric_strategy...
                ('scaling', 'passthrough'), ('P_transform', 'passthrough'),
                ('binn', 'passthrough'), ('rem_outliers', 'passthrough'),
                ('cluster_all', 'passthrough'),
                ('dummy', Dummify(target='charges')),
                ('fix_perfect', Remove_100(target='charges')),
                ('clean_names', Clean_Colum_Names()),
                ('feature_select', 'passthrough'), ('fix_multi', 'passthrough'),
                ('dfs', 'passthrough'), ('pca', 'passthrough')],
         verbose=False)
2022-09-04 09:14:01,141:INFO:setup() succesfully completed......................................
2022-09-04 09:14:18,838:INFO:Initializing create_model()
2022-09-04 09:14:18,844:INFO:create_model(estimator=lr, fold=None, round=4, cross_validation=True, predict=True, fit_kwargs=None, groups=None, refit=True, verbose=True, system=True, metrics=None, experiment_custom_tags=None, add_to_model_list=True, probability_threshold=None, display=None, return_train_score=False, kwargs={})
2022-09-04 09:14:18,846:INFO:Checking exceptions
2022-09-04 09:14:18,849:INFO:Preparing display monitor
2022-09-04 09:14:18,875:INFO:Importing libraries
2022-09-04 09:14:18,877:INFO:Copying training dataset
2022-09-04 09:14:18,880:INFO:Defining folds
2022-09-04 09:14:18,883:INFO:Declaring metric variables
2022-09-04 09:14:18,897:INFO:Importing untrained model
2022-09-04 09:14:18,910:INFO:Linear Regression Imported succesfully
2022-09-04 09:14:18,937:INFO:Starting cross validation
2022-09-04 09:14:18,943:INFO:Cross validating with KFold(n_splits=10, random_state=None, shuffle=False), n_jobs=-1
2022-09-04 09:14:20,886:INFO:Calculating mean and std
2022-09-04 09:14:20,891:INFO:Creating metrics dataframe
2022-09-04 09:14:20,908:INFO:Finalizing model
2022-09-04 09:14:20,917:INFO:Uploading results into container
2022-09-04 09:14:20,920:INFO:Uploading model into container now
2022-09-04 09:14:20,938:INFO:create_model_container: 1
2022-09-04 09:14:20,940:INFO:master_model_container: 1
2022-09-04 09:14:20,942:INFO:display_container: 2
2022-09-04 09:14:20,950:INFO:LinearRegression(copy_X=True, fit_intercept=True, n_jobs=-1, normalize=False)
2022-09-04 09:14:20,953:INFO:create_model() succesfully completed......................................
2022-09-04 09:14:33,470:INFO:Initializing plot_model()
2022-09-04 09:14:33,472:INFO:plot_model(fold=None, use_train_data=False, verbose=True, is_in_evaluate=False, display=None, display_format=None, estimator=LinearRegression(copy_X=True, fit_intercept=True, n_jobs=-1, normalize=False), feature_name=None, fit_kwargs=None, groups=None, label=False, plot=residuals, plot_kwargs=None, save=False, scale=1, system=True)
2022-09-04 09:14:33,474:INFO:Checking exceptions
2022-09-04 09:14:33,475:INFO:Preparing display monitor
2022-09-04 09:14:33,494:INFO:Preloading libraries
2022-09-04 09:14:33,500:INFO:Copying training dataset
2022-09-04 09:14:33,502:INFO:Copying test dataset
2022-09-04 09:14:33,504:INFO:Plot type: residuals
2022-09-04 09:14:33,543:INFO:Fitting Model
2022-09-04 09:14:33,585:INFO:Scoring test/hold-out set
2022-09-04 09:14:34,121:INFO:Visual Rendered Successfully
2022-09-04 09:14:34,205:INFO:plot_model() succesfully completed......................................
2022-09-04 09:14:50,773:INFO:PyCaret Supervised Module
2022-09-04 09:14:50,776:INFO:ML Usecase: regression
2022-09-04 09:14:50,779:INFO:version 2.3.10
2022-09-04 09:14:50,781:INFO:Initializing setup()
2022-09-04 09:14:50,782:INFO:setup(target=charges, ml_usecase=regression, available_plots={'parameter': 'Hyperparameters', 'residuals': 'Residuals', 'error': 'Prediction Error', 'cooks': 'Cooks Distance', 'rfe': 'Feature Selection', 'learning': 'Learning Curve', 'manifold': 'Manifold Learning', 'vc': 'Validation Curve', 'feature': 'Feature Importance', 'feature_all': 'Feature Importance (All)', 'tree': 'Decision Tree', 'residuals_interactive': 'Interactive Residuals'}, train_size=0.7, test_data=None, preprocess=True, imputation_type=simple, iterative_imputation_iters=5, categorical_features=None, categorical_imputation=constant, categorical_iterative_imputer=lightgbm, ordinal_features=None, high_cardinality_features=None, high_cardinality_method=frequency, numeric_features=None, numeric_imputation=mean, numeric_iterative_imputer=lightgbm, date_features=None, ignore_features=None, normalize=True, normalize_method=zscore, transformation=False, transformation_method=yeo-johnson, handle_unknown_categorical=True, unknown_categorical_method=least_frequent, pca=False, pca_method=linear, pca_components=None, ignore_low_variance=False, combine_rare_levels=False, rare_level_threshold=0.1, bin_numeric_features=['age', 'bmi'], remove_outliers=False, outliers_threshold=0.05, remove_multicollinearity=False, multicollinearity_threshold=0.9, remove_perfect_collinearity=True, create_clusters=False, cluster_iter=20, polynomial_features=True, polynomial_degree=2, trigonometry_features=True, polynomial_threshold=0.1, group_features=None, group_names=None, feature_selection=False, feature_selection_threshold=0.8, feature_selection_method=classic, feature_interaction=True, feature_ratio=False, interaction_threshold=0.01, fix_imbalance=False, fix_imbalance_method=None, transform_target=False, transform_target_method=box-cox, data_split_shuffle=True, data_split_stratify=False, fold_strategy=kfold, fold=10, fold_shuffle=False, fold_groups=None, n_jobs=-1, use_gpu=False, custom_pipeline=None, html=True, session_id=123, log_experiment=False, experiment_name=None, experiment_custom_tags=None, log_plots=False, log_profile=False, log_data=False, silent=False, verbose=True, profile=False, profile_kwargs=None, display=None)
2022-09-04 09:14:50,783:INFO:Checking environment
2022-09-04 09:14:50,784:INFO:python_version: 3.7.13
2022-09-04 09:14:50,786:INFO:python_build: ('default', 'Apr 24 2022 01:04:09')
2022-09-04 09:14:50,787:INFO:machine: x86_64
2022-09-04 09:14:50,788:INFO:platform: Linux-5.4.188+-x86_64-with-Ubuntu-18.04-bionic
2022-09-04 09:14:50,790:INFO:Memory: svmem(total=13617737728, available=12049391616, percent=11.5, used=1358839808, free=7378165760, active=1793953792, inactive=4107784192, buffers=91791360, cached=4788940800, shared=1257472, slab=268222464)
2022-09-04 09:14:50,792:INFO:Physical Core: 1
2022-09-04 09:14:50,793:INFO:Logical Core: 2
2022-09-04 09:14:50,794:INFO:Checking libraries
2022-09-04 09:14:50,796:INFO:pd==1.3.5
2022-09-04 09:14:50,797:INFO:numpy==1.19.5
2022-09-04 09:14:50,798:INFO:sklearn==0.23.2
2022-09-04 09:14:50,800:INFO:lightgbm==3.3.2
2022-09-04 09:14:50,801:WARNING:catboost not found
2022-09-04 09:14:50,802:INFO:xgboost==0.90
2022-09-04 09:14:50,804:INFO:mlflow==1.28.0
2022-09-04 09:14:50,805:INFO:Checking Exceptions
2022-09-04 09:14:50,806:INFO:Declaring global variables
2022-09-04 09:14:50,807:INFO:USI: d52f
2022-09-04 09:14:50,809:INFO:pycaret_globals: {'prep_pipe', '_internal_pipeline', 'y_test', 'USI', 'y_train', 'stratify_param', 'fold_generator', 'exp_name_log', 'create_model_container', 'fix_imbalance_param', 'fix_imbalance_method_param', 'master_model_container', 'fold_groups_param', 'gpu_param', 'fold_groups_param_full', 'log_plots_param', 'logging_param', 'imputation_classifier', 'iterative_imputation_iters_param', 'dashboard_logger', 'n_jobs_param', 'X', '_gpu_n_jobs_param', '_available_plots', 'target_param', 'pycaret_globals', 'fold_param', '_all_models', 'html_param', 'y', 'X_test', 'fold_shuffle_param', '_all_models_internal', 'transform_target_param', 'seed', '_ml_usecase', 'X_train', 'data_before_preprocess', 'display_container', '_all_metrics', 'transform_target_method_param', 'experiment__', 'imputation_regressor'}
2022-09-04 09:14:50,810:INFO:Preparing display monitor
2022-09-04 09:14:50,811:INFO:Preparing display monitor
2022-09-04 09:14:50,845:INFO:Importing libraries
2022-09-04 09:14:50,846:INFO:Copying data for preprocessing
2022-09-04 09:14:50,868:INFO:Declaring preprocessing parameters
2022-09-04 09:14:50,872:INFO:Creating preprocessing pipeline
2022-09-04 09:14:50,882:INFO:Preprocessing pipeline created successfully
2022-09-04 09:14:50,884:ERROR:(Process Exit): setup has been interupted with user command 'quit'. setup must rerun.
2022-09-04 09:14:50,887:INFO:Creating global containers
2022-09-04 09:14:50,890:INFO:Internal pipeline: Pipeline(memory=None, steps=[('empty_step', 'passthrough')], verbose=False)
2022-09-04 09:14:58,006:WARNING:Wrong xgboost version. Expected xgboost>=1.1.0, got xgboost==0.90
2022-09-04 09:14:58,008:WARNING:Couldn't import catboost.CatBoostRegressor
2022-09-04 09:14:58,114:WARNING:Wrong xgboost version. Expected xgboost>=1.1.0, got xgboost==0.90
2022-09-04 09:14:58,120:WARNING:Couldn't import catboost.CatBoostRegressor
2022-09-04 09:14:58,121:INFO:Creating grid variables
2022-09-04 09:14:58,139:INFO:create_model_container: 0
2022-09-04 09:14:58,143:INFO:master_model_container: 0
2022-09-04 09:14:58,145:INFO:display_container: 1
2022-09-04 09:14:58,157:INFO:Pipeline(memory=None,
         steps=[('dtypes',
                 DataTypes_Auto_infer(categorical_features=[],
                                      display_types=True, features_todrop=[],
                                      id_columns=[], ml_usecase='regression',
                                      numerical_features=[], target='charges',
                                      time_features=[])),
                ('imputer',
                 Simple_Imputer(categorical_strategy='not_available',
                                fill_value_categorical=None,
                                fill_value_numerical=None,
                                numeric_strategy...
                ('dummy', Dummify(target='charges')),
                ('fix_perfect', Remove_100(target='charges')),
                ('clean_names', Clean_Colum_Names()),
                ('feature_select', 'passthrough'), ('fix_multi', 'passthrough'),
                ('dfs',
                 DFS_Classic(interactions=['multiply'], ml_usecase='regression',
                             n_jobs=-1, random_state=123, subclass='binary',
                             target='charges',
                             top_features_to_pick_percentage=None)),
                ('pca', 'passthrough')],
         verbose=False)
2022-09-04 09:14:58,158:INFO:setup() succesfully completed......................................
2022-09-04 09:15:09,298:INFO:Initializing create_model()
2022-09-04 09:15:09,301:INFO:create_model(estimator=lr, fold=None, round=4, cross_validation=True, predict=True, fit_kwargs=None, groups=None, refit=True, verbose=True, system=True, metrics=None, experiment_custom_tags=None, add_to_model_list=True, probability_threshold=None, display=None, return_train_score=False, kwargs={})
2022-09-04 09:15:09,303:INFO:Checking exceptions
2022-09-04 09:15:09,304:INFO:Preparing display monitor
2022-09-04 09:15:09,346:INFO:Importing libraries
2022-09-04 09:15:09,349:INFO:Copying training dataset
2022-09-04 09:15:09,352:INFO:Defining folds
2022-09-04 09:15:09,354:INFO:Declaring metric variables
2022-09-04 09:15:09,370:INFO:Importing untrained model
2022-09-04 09:15:09,387:INFO:Linear Regression Imported succesfully
2022-09-04 09:15:09,421:INFO:Starting cross validation
2022-09-04 09:15:09,424:INFO:Cross validating with KFold(n_splits=10, random_state=None, shuffle=False), n_jobs=-1
2022-09-04 09:15:09,516:INFO:Calculating mean and std
2022-09-04 09:15:09,521:INFO:Creating metrics dataframe
2022-09-04 09:15:09,541:INFO:Finalizing model
2022-09-04 09:15:09,556:INFO:Uploading results into container
2022-09-04 09:15:09,563:INFO:Uploading model into container now
2022-09-04 09:15:09,583:INFO:create_model_container: 1
2022-09-04 09:15:09,587:INFO:master_model_container: 1
2022-09-04 09:15:09,591:INFO:display_container: 2
2022-09-04 09:15:09,594:INFO:LinearRegression(copy_X=True, fit_intercept=True, n_jobs=-1, normalize=False)
2022-09-04 09:15:09,597:INFO:create_model() succesfully completed......................................
2022-09-04 09:15:26,063:INFO:Initializing plot_model()
2022-09-04 09:15:26,066:INFO:plot_model(fold=None, use_train_data=False, verbose=True, is_in_evaluate=False, display=None, display_format=None, estimator=LinearRegression(copy_X=True, fit_intercept=True, n_jobs=-1, normalize=False), feature_name=None, fit_kwargs=None, groups=None, label=False, plot=residuals, plot_kwargs=None, save=False, scale=1, system=True)
2022-09-04 09:15:26,067:INFO:Checking exceptions
2022-09-04 09:15:26,071:INFO:Preparing display monitor
2022-09-04 09:15:26,089:INFO:Preloading libraries
2022-09-04 09:15:26,092:INFO:Copying training dataset
2022-09-04 09:15:26,094:INFO:Copying test dataset
2022-09-04 09:15:26,098:INFO:Plot type: residuals
2022-09-04 09:15:26,132:INFO:Fitting Model
2022-09-04 09:15:26,170:INFO:Scoring test/hold-out set
2022-09-04 09:15:26,585:INFO:Visual Rendered Successfully
2022-09-04 09:15:26,679:INFO:plot_model() succesfully completed......................................
2022-09-04 09:15:38,130:INFO:Initializing save_model()
2022-09-04 09:15:38,135:INFO:save_model(model=LinearRegression(copy_X=True, fit_intercept=True, n_jobs=-1, normalize=False), model_name=LR2-Experiment2, prep_pipe_=Pipeline(memory=None,
         steps=[('dtypes',
                 DataTypes_Auto_infer(categorical_features=[],
                                      display_types=True, features_todrop=[],
                                      id_columns=[], ml_usecase='regression',
                                      numerical_features=[], target='charges',
                                      time_features=[])),
                ('imputer',
                 Simple_Imputer(categorical_strategy='not_available',
                                fill_value_categorical=None,
                                fill_value_numerical=None,
                                numeric_strategy...
                ('dummy', Dummify(target='charges')),
                ('fix_perfect', Remove_100(target='charges')),
                ('clean_names', Clean_Colum_Names()),
                ('feature_select', 'passthrough'), ('fix_multi', 'passthrough'),
                ('dfs',
                 DFS_Classic(interactions=['multiply'], ml_usecase='regression',
                             n_jobs=-1, random_state=123, subclass='binary',
                             target='charges',
                             top_features_to_pick_percentage=None)),
                ('pca', 'passthrough')],
         verbose=False), verbose=True, kwargs={})
2022-09-04 09:15:38,145:INFO:Adding model into prep_pipe
2022-09-04 09:15:38,177:INFO:LR2-Experiment2.pkl saved in current working directory
2022-09-04 09:15:38,188:INFO:Pipeline(memory=None,
         steps=[('dtypes',
                 DataTypes_Auto_infer(categorical_features=[],
                                      display_types=True, features_todrop=[],
                                      id_columns=[], ml_usecase='regression',
                                      numerical_features=[], target='charges',
                                      time_features=[])),
                ('imputer',
                 Simple_Imputer(categorical_strategy='not_available',
                                fill_value_categorical=None,
                                fill_value_numerical=None,
                                numeric_strategy...
                ('feature_select', 'passthrough'), ('fix_multi', 'passthrough'),
                ('dfs',
                 DFS_Classic(interactions=['multiply'], ml_usecase='regression',
                             n_jobs=-1, random_state=123, subclass='binary',
                             target='charges',
                             top_features_to_pick_percentage=None)),
                ('pca', 'passthrough'),
                ['trained_model',
                 LinearRegression(copy_X=True, fit_intercept=True, n_jobs=-1,
                                  normalize=False)]],
         verbose=False)
2022-09-04 09:15:38,190:INFO:save_model() successfully completed......................................
2022-09-04 09:16:14,605:INFO:Initializing load_model()
2022-09-04 09:16:14,608:INFO:load_model(model_name=LR2-Experiment2, platform=None, authentication=None, verbose=True)
2022-09-04 09:16:28,176:INFO:Initializing load_model()
2022-09-04 09:16:28,187:INFO:load_model(model_name=LR2-Experiment2, platform=None, authentication=None, verbose=True)
